[debug] [2026-04-12T03:39:47.825Z] ----------------------------------------------------------------------
[debug] [2026-04-12T03:39:47.827Z] Command:       /opt/homebrew/Cellar/node@24/24.14.0_1/bin/node /opt/homebrew/bin/firebase deploy --only hosting:maman-contracting-app --project maman-contracting-app
[debug] [2026-04-12T03:39:47.827Z] CLI Version:   15.11.0
[debug] [2026-04-12T03:39:47.827Z] Platform:      darwin
[debug] [2026-04-12T03:39:47.827Z] Node Version:  v24.14.0
[debug] [2026-04-12T03:39:47.827Z] Time:          Sat Apr 11 2026 23:39:47 GMT-0400 (Eastern Daylight Time)
[debug] [2026-04-12T03:39:47.827Z] ----------------------------------------------------------------------
[debug] 
[debug] [2026-04-12T03:39:48.247Z] > command requires scopes: ["email","openid","https://www.googleapis.com/auth/cloudplatformprojects.readonly","https://www.googleapis.com/auth/firebase","https://www.googleapis.com/auth/cloud-platform"]
[debug] [2026-04-12T03:39:48.247Z] > authorizing via signed-in user (lagunarosesales@gmail.com)
[debug] [2026-04-12T03:39:48.247Z] [iam] checking project maman-contracting-app for permissions ["firebase.projects.get","firebasehosting.sites.update"]
[debug] [2026-04-12T03:39:48.248Z] Checked if tokens are valid: true, expires at: 1775966473988
[debug] [2026-04-12T03:39:48.248Z] Checked if tokens are valid: true, expires at: 1775966473988
[debug] [2026-04-12T03:39:48.248Z] >>> [apiv2][query] POST https://cloudresourcemanager.googleapis.com/v1/projects/maman-contracting-app:testIamPermissions [none]
[debug] [2026-04-12T03:39:48.248Z] >>> [apiv2][(partial)header] POST https://cloudresourcemanager.googleapis.com/v1/projects/maman-contracting-app:testIamPermissions  x-goog-user-project=maman-contracting-app
[debug] [2026-04-12T03:39:48.248Z] >>> [apiv2][body] POST https://cloudresourcemanager.googleapis.com/v1/projects/maman-contracting-app:testIamPermissions {"permissions":["firebase.projects.get","firebasehosting.sites.update"]}
[debug] [2026-04-12T03:39:48.566Z] <<< [apiv2][status] POST https://cloudresourcemanager.googleapis.com/v1/projects/maman-contracting-app:testIamPermissions 403
[debug] [2026-04-12T03:39:48.567Z] <<< [apiv2][body] POST https://cloudresourcemanager.googleapis.com/v1/projects/maman-contracting-app:testIamPermissions {"error":{"code":403,"message":"Caller does not have required permission to use project maman-contracting-app. Grant the caller the roles/serviceusage.serviceUsageConsumer role, or a custom role with the serviceusage.services.use permission, by visiting https://console.developers.google.com/iam-admin/iam?project=maman-contracting-app and then retry. Propagation of the new permission may take a few minutes.","status":"PERMISSION_DENIED","details":[{"@type":"type.googleapis.com/google.rpc.ErrorInfo","reason":"USER_PROJECT_DENIED","domain":"googleapis.com","metadata":{"containerInfo":"maman-contracting-app","service":"cloudresourcemanager.googleapis.com","consoleUrl":"https://console.developers.google.com/iam-admin/iam?project=maman-contracting-app","consumer":"projects/maman-contracting-app"}},{"@type":"type.googleapis.com/google.rpc.LocalizedMessage","locale":"en-US","message":"Caller does not have required permission to use project maman-contracting-app. Grant the caller the roles/serviceusage.serviceUsageConsumer role, or a custom role with the serviceusage.services.use permission, by visiting https://console.developers.google.com/iam-admin/iam?project=maman-contracting-app and then retry. Propagation of the new permission may take a few minutes."},{"@type":"type.googleapis.com/google.rpc.Help","links":[{"description":"Google developer console IAM admin","url":"https://console.developers.google.com/iam-admin/iam?project=maman-contracting-app"}]}]}}
[debug] [2026-04-12T03:39:48.568Z] [iam] error while checking permissions, command may fail: Request to https://cloudresourcemanager.googleapis.com/v1/projects/maman-contracting-app:testIamPermissions had HTTP Error: 403, Caller does not have required permission to use project maman-contracting-app. Grant the caller the roles/serviceusage.serviceUsageConsumer role, or a custom role with the serviceusage.services.use permission, by visiting https://console.developers.google.com/iam-admin/iam?project=maman-contracting-app and then retry. Propagation of the new permission may take a few minutes.
[debug] [2026-04-12T03:39:48.569Z] Checked if tokens are valid: true, expires at: 1775966473988
[debug] [2026-04-12T03:39:48.569Z] Checked if tokens are valid: true, expires at: 1775966473988
[debug] [2026-04-12T03:39:48.570Z] >>> [apiv2][query] GET https://firebase.googleapis.com/v1beta1/projects/maman-contracting-app [none]
[debug] [2026-04-12T03:39:48.741Z] <<< [apiv2][status] GET https://firebase.googleapis.com/v1beta1/projects/maman-contracting-app 403
[debug] [2026-04-12T03:39:48.741Z] <<< [apiv2][body] GET https://firebase.googleapis.com/v1beta1/projects/maman-contracting-app {"error":{"code":403,"message":"The caller does not have permission","status":"PERMISSION_DENIED"}}
[debug] [2026-04-12T03:39:48.742Z] Request to https://firebase.googleapis.com/v1beta1/projects/maman-contracting-app had HTTP Error: 403, The caller does not have permission
[debug] [2026-04-12T03:39:48.806Z] FirebaseError: Request to https://firebase.googleapis.com/v1beta1/projects/maman-contracting-app had HTTP Error: 403, The caller does not have permission
    at responseToError (/opt/homebrew/lib/node_modules/firebase-tools/lib/responseToError.js:53:12)
    at RetryOperation._fn (/opt/homebrew/lib/node_modules/firebase-tools/lib/apiv2.js:333:77)
    at process.processTicksAndRejections (node:internal/process/task_queues:104:5)
[error] 
[error] Error: Failed to get Firebase project maman-contracting-app. Please make sure the project exists and your account has permission to access it.
